This is pdfTeX, Version 3.14159265-2.6-1.40.16 (TeX Live 2015/Debian) (preloaded format=pdflatex 2016.4.22)  4 MAY 2016 20:03
entering extended mode
 restricted \write18 enabled.
 %&-line parsing enabled.
**R_N_D_Report.tex
(./R_N_D_Report.tex
LaTeX2e <2016/02/01>
Babel <3.9q> and hyphenation patterns for 5 language(s) loaded.
(/usr/share/texlive/texmf-dist/tex/latex/base/report.cls
Document Class: report 2014/09/29 v1.4h Standard LaTeX document class
(/usr/share/texlive/texmf-dist/tex/latex/base/size11.clo
File: size11.clo 2014/09/29 v1.4h Standard LaTeX file (size option)
)
\c@part=\count79
\c@chapter=\count80
\c@section=\count81
\c@subsection=\count82
\c@subsubsection=\count83
\c@paragraph=\count84
\c@subparagraph=\count85
\c@figure=\count86
\c@table=\count87
\abovecaptionskip=\skip41
\belowcaptionskip=\skip42
\bibindent=\dimen102
)
(/usr/share/texlive/texmf-dist/tex/latex/fancyhdr/fancyhdr.sty
\fancy@headwidth=\skip43
\f@ncyO@elh=\skip44
\f@ncyO@erh=\skip45
\f@ncyO@olh=\skip46
\f@ncyO@orh=\skip47
\f@ncyO@elf=\skip48
\f@ncyO@erf=\skip49
\f@ncyO@olf=\skip50
\f@ncyO@orf=\skip51
)
(/usr/share/texlive/texmf-dist/tex/latex/fancybox/fancybox.sty
Package: fancybox 2010/05/15 1.4

Style option: `fancybox' v1.4 <2010/05/15> (tvz)
\@fancybox=\box26
\shadowsize=\dimen103
\@Sbox=\box27
\do@VerbBox=\toks14
\the@fancyput=\toks15
\this@fancyput=\toks16
\EndVerbatimTokens=\toks17
\Verbatim@Outfile=\write3
\Verbatim@Infile=\read1
) (/usr/share/texmf/tex/latex/tipa/tipa.sty
Package: tipa 2002/08/08 TIPA version 1.1

(/usr/share/texlive/texmf-dist/tex/latex/base/fontenc.sty
Package: fontenc 2005/09/27 v1.99g Standard LaTeX package

(/usr/share/texmf/tex/latex/tipa/t3enc.def
File: t3enc.def 2001/12/31 T3 encoding
)
(/usr/share/texlive/texmf-dist/tex/latex/base/ot1enc.def
File: ot1enc.def 2005/09/27 v1.99g Standard LaTeX file
LaTeX Font Info:    Redeclaring font encoding OT1 on input line 48.
)))
(/usr/share/texlive/texmf-dist/tex/latex/framed/framed.sty
Package: framed 2011/10/22 v 0.96: framed or shaded text with page breaks
\OuterFrameSep=\skip52
\fb@frw=\dimen104
\fb@frh=\dimen105
\FrameRule=\dimen106
\FrameSep=\dimen107
)
(./IEEEtrantools.sty
Package: IEEEtrantools 2007/01/11 V1.2 by Michael Shell

-- See the "IEEEtrantools_doc.txt" manual for usage information.
-- http://www.michaelshell.org/tex/ieeetran/tools/
\@IEEEtrantmpdimenA=\dimen108
\@IEEEtrantmpdimenB=\dimen109
\@IEEEtrantmpcountA=\count88
\@IEEEtrantmpcountB=\count89
\@IEEEtrantmptoksA=\toks18
\IEEEnormaljot=\dimen110
\IEEEilabelindentA=\dimen111
\IEEEilabelindentB=\dimen112
\IEEEilabelindent=\dimen113
\IEEEelabelindent=\dimen114
\IEEEdlabelindent=\dimen115
\IEEElabelindent=\dimen116
\IEEEiednormlabelsep=\dimen117
\IEEEiedmathlabelsep=\dimen118
\IEEEiedtopsep=\skip53
\c@IEEEsubequation=\count90
\@IEEEeqnnumcols=\count91
\@IEEEeqncolcnt=\count92
\IEEEPARstartletwidth=\dimen119
) (/usr/share/texlive/texmf-dist/tex/latex/base/inputenc.sty
Package: inputenc 2015/03/17 v1.2c Input encoding file
\inpenc@prehook=\toks19
\inpenc@posthook=\toks20

(/usr/share/texlive/texmf-dist/tex/latex/ucs/utf8x.def
File: utf8x.def 2004/10/17 UCS: Input encoding UTF-8
))
(/usr/share/texlive/texmf-dist/tex/latex/ucs/ucs.sty
Package: ucs 2013/05/11 v2.2 UCS: Unicode input support

(/usr/share/texlive/texmf-dist/tex/latex/ucs/data/uni-global.def
File: uni-global.def 2013/05/13 UCS: Unicode global data
)
\uc@secondtry=\count93
\uc@combtoks=\toks21
\uc@combtoksb=\toks22
\uc@temptokena=\toks23
)
(/usr/share/texlive/texmf-dist/tex/latex/graphics/epsfig.sty
Package: epsfig 1999/02/16 v1.7a (e)psfig emulation (SPQR)

(/usr/share/texlive/texmf-dist/tex/latex/graphics/graphicx.sty
Package: graphicx 2014/10/28 v1.0g Enhanced LaTeX Graphics (DPC,SPQR)

(/usr/share/texlive/texmf-dist/tex/latex/graphics/keyval.sty
Package: keyval 2014/10/28 v1.15 key=value parser (DPC)
\KV@toks@=\toks24
)
(/usr/share/texlive/texmf-dist/tex/latex/graphics/graphics.sty
Package: graphics 2016/01/03 v1.0q Standard LaTeX Graphics (DPC,SPQR)

(/usr/share/texlive/texmf-dist/tex/latex/graphics/trig.sty
Package: trig 2016/01/03 v1.10 sin cos tan (DPC)
)
(/usr/share/texlive/texmf-dist/tex/latex/latexconfig/graphics.cfg
File: graphics.cfg 2010/04/23 v1.9 graphics configuration of TeX Live
)
Package graphics Info: Driver file: pdftex.def on input line 95.

(/usr/share/texlive/texmf-dist/tex/latex/pdftex-def/pdftex.def
File: pdftex.def 2011/05/27 v0.06d Graphics/color for pdfTeX

(/usr/share/texlive/texmf-dist/tex/generic/oberdiek/infwarerr.sty
Package: infwarerr 2010/04/08 v1.3 Providing info/warning/error messages (HO)
)
(/usr/share/texlive/texmf-dist/tex/generic/oberdiek/ltxcmds.sty
Package: ltxcmds 2011/11/09 v1.22 LaTeX kernel commands for general use (HO)
)
\Gread@gobject=\count94
))
\Gin@req@height=\dimen120
\Gin@req@width=\dimen121
)
\epsfxsize=\dimen122
\epsfysize=\dimen123
)
(/usr/share/texlive/texmf-dist/tex/latex/anysize/anysize.sty
Package: anysize 1994/08/13 setting margin sizes

document style option `anysize' loaded
Michael Salzenberg, Thomas Esser, Dirk Hillbrecht
Version 1.0, Aug 13, 1994
\@Leftmargin=\dimen124
\@Rightmargin=\dimen125
\@Topmargin=\dimen126
\@Bottommargin=\dimen127
) (/usr/share/texlive/texmf-dist/tex/latex/was/gensymb.sty
Package: gensymb 2003/07/02 v1.0 (WaS)
)
(/usr/share/texlive/texmf-dist/tex/latex/amsfonts/amssymb.sty
Package: amssymb 2013/01/14 v3.01 AMS font symbols

(/usr/share/texlive/texmf-dist/tex/latex/amsfonts/amsfonts.sty
Package: amsfonts 2013/01/14 v3.01 Basic AMSFonts support
\@emptytoks=\toks25
\symAMSa=\mathgroup4
\symAMSb=\mathgroup5
LaTeX Font Info:    Overwriting math alphabet `\mathfrak' in version `bold'
(Font)                  U/euf/m/n --> U/euf/b/n on input line 106.
))
(/usr/share/texlive/texmf-dist/tex/latex/caption/caption.sty
Package: caption 2016/02/21 v3.3-144 Customizing captions (AR)

(/usr/share/texlive/texmf-dist/tex/latex/caption/caption3.sty
Package: caption3 2016/02/04 v1.7-139 caption3 kernel (AR)
Package caption3 Info: TeX engine: e-TeX on input line 67.
\captionmargin=\dimen128
\captionmargin@=\dimen129
\captionwidth=\dimen130
\caption@tempdima=\dimen131
\caption@indent=\dimen132
\caption@parindent=\dimen133
\caption@hangindent=\dimen134
)
\c@ContinuedFloat=\count95
)
(/usr/share/texlive/texmf-dist/tex/latex/caption/subcaption.sty
Package: subcaption 2016/02/20 v1.1-142 Sub-captions (AR)
\c@subfigure=\count96
\c@subtable=\count97
)
(/usr/share/texlive/texmf-dist/tex/latex/tools/longtable.sty
Package: longtable 2014/10/28 v4.11 Multi-page Table package (DPC)
\LTleft=\skip54
\LTright=\skip55
\LTpre=\skip56
\LTpost=\skip57
\LTchunksize=\count98
\LTcapwidth=\dimen135
\LT@head=\box28
\LT@firsthead=\box29
\LT@foot=\box30
\LT@lastfoot=\box31
\LT@cols=\count99
\LT@rows=\count100
\c@LT@tables=\count101
\c@LT@chunks=\count102
\LT@p@ftn=\toks26
)
(/usr/share/texlive/texmf-dist/tex/latex/url/url.sty
\Urlmuskip=\muskip10
Package: url 2013/09/16  ver 3.4  Verb mode for urls, etc.
)
(/usr/share/texlive/texmf-dist/tex/latex/carlisle/plain.sty
Package: plain 1996/04/22 Plain TeX emulation (DPC)
\tabs@latex=\box32
\tabsyet@latex=\box33
\tabsdone@latex=\box34
)
(/usr/share/texlive/texmf-dist/tex/latex/mathtools/mathtools.sty
Package: mathtools 2015/11/12 v1.18 mathematical typesetting tools

(/usr/share/texlive/texmf-dist/tex/latex/tools/calc.sty
Package: calc 2014/10/28 v4.3 Infix arithmetic (KKT,FJ)
\calc@Acount=\count103
\calc@Bcount=\count104
\calc@Adimen=\dimen136
\calc@Bdimen=\dimen137
\calc@Askip=\skip58
\calc@Bskip=\skip59
LaTeX Info: Redefining \setlength on input line 80.
LaTeX Info: Redefining \addtolength on input line 81.
\calc@Ccount=\count105
\calc@Cskip=\skip60
)
(/usr/share/texlive/texmf-dist/tex/latex/mathtools/mhsetup.sty
Package: mhsetup 2010/01/21 v1.2a programming setup (MH)
)
(/usr/share/texlive/texmf-dist/tex/latex/amsmath/amsmath.sty
Package: amsmath 2016/03/03 v2.15a AMS math features
\@mathmargin=\skip61

For additional information on amsmath, use the `?' option.
(/usr/share/texlive/texmf-dist/tex/latex/amsmath/amstext.sty
Package: amstext 2000/06/29 v2.01 AMS text

(/usr/share/texlive/texmf-dist/tex/latex/amsmath/amsgen.sty
File: amsgen.sty 1999/11/30 v2.0 generic functions
\@emptytoks=\toks27
\ex@=\dimen138
))
(/usr/share/texlive/texmf-dist/tex/latex/amsmath/amsbsy.sty
Package: amsbsy 1999/11/29 v1.2d Bold Symbols
\pmbraise@=\dimen139
)
(/usr/share/texlive/texmf-dist/tex/latex/amsmath/amsopn.sty
Package: amsopn 1999/12/14 v2.01 operator names
)
\inf@bad=\count106
LaTeX Info: Redefining \frac on input line 199.
\uproot@=\count107
\leftroot@=\count108
LaTeX Info: Redefining \overline on input line 297.
\classnum@=\count109
\DOTSCASE@=\count110
LaTeX Info: Redefining \ldots on input line 394.
LaTeX Info: Redefining \dots on input line 397.
LaTeX Info: Redefining \cdots on input line 518.
\Mathstrutbox@=\box35
\strutbox@=\box36
\big@size=\dimen140
LaTeX Font Info:    Redeclaring font encoding OML on input line 630.
LaTeX Font Info:    Redeclaring font encoding OMS on input line 631.
\macc@depth=\count111
\c@MaxMatrixCols=\count112
\dotsspace@=\muskip11
\c@parentequation=\count113
\dspbrk@lvl=\count114
\tag@help=\toks28
\row@=\count115
\column@=\count116
\maxfields@=\count117
\andhelp@=\toks29
\eqnshift@=\dimen141
\alignsep@=\dimen142
\tagshift@=\dimen143
\tagwidth@=\dimen144
\totwidth@=\dimen145
\lineht@=\dimen146
\@envbody=\toks30
\multlinegap=\skip62
\multlinetaggap=\skip63
\mathdisplay@stack=\toks31
LaTeX Info: Redefining \[ on input line 2735.
LaTeX Info: Redefining \] on input line 2736.
)
LaTeX Info: Thecontrolsequence`\('isalreadyrobust on input line 129.
LaTeX Info: Thecontrolsequence`\)'isalreadyrobust on input line 129.
LaTeX Info: Thecontrolsequence`\['isalreadyrobust on input line 129.
LaTeX Info: Thecontrolsequence`\]'isalreadyrobust on input line 129.
\g_MT_multlinerow_int=\count118
\l_MT_multwidth_dim=\dimen147
\origjot=\skip64
\l_MT_shortvdotswithinadjustabove_dim=\dimen148
\l_MT_shortvdotswithinadjustbelow_dim=\dimen149
\l_MT_above_intertext_sep=\dimen150
\l_MT_below_intertext_sep=\dimen151
\l_MT_above_shortintertext_sep=\dimen152
\l_MT_below_shortintertext_sep=\dimen153
)
(/usr/share/texlive/texmf-dist/tex/latex/hyperref/hyperref.sty
Package: hyperref 2012/11/06 v6.83m Hypertext links for LaTeX

(/usr/share/texlive/texmf-dist/tex/generic/oberdiek/hobsub-hyperref.sty
Package: hobsub-hyperref 2012/05/28 v1.13 Bundle oberdiek, subset hyperref (HO)


(/usr/share/texlive/texmf-dist/tex/generic/oberdiek/hobsub-generic.sty
Package: hobsub-generic 2012/05/28 v1.13 Bundle oberdiek, subset generic (HO)
Package: hobsub 2012/05/28 v1.13 Construct package bundles (HO)
Package hobsub Info: Skipping package `infwarerr' (already loaded).
Package hobsub Info: Skipping package `ltxcmds' (already loaded).
Package: ifluatex 2010/03/01 v1.3 Provides the ifluatex switch (HO)
Package ifluatex Info: LuaTeX not detected.
Package: ifvtex 2010/03/01 v1.5 Detect VTeX and its facilities (HO)
Package ifvtex Info: VTeX not detected.
Package: intcalc 2007/09/27 v1.1 Expandable calculations with integers (HO)
Package: ifpdf 2011/01/30 v2.3 Provides the ifpdf switch (HO)
Package ifpdf Info: pdfTeX in PDF mode is detected.
Package: etexcmds 2011/02/16 v1.5 Avoid name clashes with e-TeX commands (HO)
Package etexcmds Info: Could not find \expanded.
(etexcmds)             That can mean that you are not using pdfTeX 1.50 or
(etexcmds)             that some package has redefined \expanded.
(etexcmds)             In the latter case, load this package earlier.
Package: kvsetkeys 2012/04/25 v1.16 Key value parser (HO)
Package: kvdefinekeys 2011/04/07 v1.3 Define keys (HO)
Package: pdftexcmds 2011/11/29 v0.20 Utility functions of pdfTeX for LuaTeX (HO
)
Package pdftexcmds Info: LuaTeX not detected.
Package pdftexcmds Info: \pdf@primitive is available.
Package pdftexcmds Info: \pdf@ifprimitive is available.
Package pdftexcmds Info: \pdfdraftmode found.
Package: pdfescape 2011/11/25 v1.13 Implements pdfTeX's escape features (HO)
Package: bigintcalc 2012/04/08 v1.3 Expandable calculations on big integers (HO
)
Package: bitset 2011/01/30 v1.1 Handle bit-vector datatype (HO)
Package: uniquecounter 2011/01/30 v1.2 Provide unlimited unique counter (HO)
)
Package hobsub Info: Skipping package `hobsub' (already loaded).
Package: letltxmacro 2010/09/02 v1.4 Let assignment for LaTeX macros (HO)
Package: hopatch 2012/05/28 v1.2 Wrapper for package hooks (HO)
Package: xcolor-patch 2011/01/30 xcolor patch
Package: atveryend 2011/06/30 v1.8 Hooks at the very end of document (HO)
Package atveryend Info: \enddocument detected (standard20110627).
Package: atbegshi 2011/10/05 v1.16 At begin shipout hook (HO)
Package: refcount 2011/10/16 v3.4 Data extraction from label references (HO)
Package: hycolor 2011/01/30 v1.7 Color options for hyperref/bookmark (HO)
)
(/usr/share/texlive/texmf-dist/tex/generic/ifxetex/ifxetex.sty
Package: ifxetex 2010/09/12 v0.6 Provides ifxetex conditional
)
(/usr/share/texlive/texmf-dist/tex/latex/oberdiek/auxhook.sty
Package: auxhook 2011/03/04 v1.3 Hooks for auxiliary files (HO)
)
(/usr/share/texlive/texmf-dist/tex/latex/oberdiek/kvoptions.sty
Package: kvoptions 2011/06/30 v3.11 Key value format for package options (HO)
)
\@linkdim=\dimen154
\Hy@linkcounter=\count119
\Hy@pagecounter=\count120

(/usr/share/texlive/texmf-dist/tex/latex/hyperref/pd1enc.def
File: pd1enc.def 2012/11/06 v6.83m Hyperref: PDFDocEncoding definition (HO)
)
\Hy@SavedSpaceFactor=\count121

(/usr/share/texlive/texmf-dist/tex/latex/latexconfig/hyperref.cfg
File: hyperref.cfg 2002/06/06 v1.2 hyperref configuration of TeXLive
)
Package hyperref Info: Option `plainpages' set `false' on input line 4319.
Package hyperref Info: Hyper figures OFF on input line 4443.
Package hyperref Info: Link nesting OFF on input line 4448.
Package hyperref Info: Hyper index ON on input line 4451.
Package hyperref Info: Plain pages OFF on input line 4458.
Package hyperref Info: Backreferencing OFF on input line 4463.
Package hyperref Info: Implicit mode ON; LaTeX internals redefined.
Package hyperref Info: Bookmarks ON on input line 4688.
\c@Hy@tempcnt=\count122
LaTeX Info: Redefining \url on input line 5041.
\XeTeXLinkMargin=\dimen155
\Fld@menulength=\count123
\Field@Width=\dimen156
\Fld@charsize=\dimen157
Package hyperref Info: Hyper figures OFF on input line 6295.
Package hyperref Info: Link nesting OFF on input line 6300.
Package hyperref Info: Hyper index ON on input line 6303.
Package hyperref Info: backreferencing OFF on input line 6310.
Package hyperref Info: Link coloring OFF on input line 6315.
Package hyperref Info: Link coloring with OCG OFF on input line 6320.
Package hyperref Info: PDF/A mode OFF on input line 6325.
LaTeX Info: Redefining \ref on input line 6365.
LaTeX Info: Redefining \pageref on input line 6369.
\Hy@abspage=\count124
\c@Item=\count125
\c@Hfootnote=\count126
)

Package hyperref Message: Driver (autodetected): hpdftex.

(/usr/share/texlive/texmf-dist/tex/latex/hyperref/hpdftex.def
File: hpdftex.def 2012/11/06 v6.83m Hyperref driver for pdfTeX
\Fld@listcount=\count127
\c@bookmark@seq@number=\count128

(/usr/share/texlive/texmf-dist/tex/latex/oberdiek/rerunfilecheck.sty
Package: rerunfilecheck 2011/04/15 v1.7 Rerun checks for auxiliary files (HO)
Package uniquecounter Info: New unique counter `rerunfilecheck' on input line 2
82.
)
\Hy@SectionHShift=\skip65
)
Package hyperref Info: Option `colorlinks' set `true' on input line 30.

(./R_N_D_Report.aux)
\openout1 = `R_N_D_Report.aux'.

LaTeX Font Info:    Checking defaults for OML/cmm/m/it on input line 82.
LaTeX Font Info:    ... okay on input line 82.
LaTeX Font Info:    Checking defaults for T1/cmr/m/n on input line 82.
LaTeX Font Info:    ... okay on input line 82.
LaTeX Font Info:    Checking defaults for OT1/cmr/m/n on input line 82.
LaTeX Font Info:    ... okay on input line 82.
LaTeX Font Info:    Checking defaults for OMS/cmsy/m/n on input line 82.
LaTeX Font Info:    ... okay on input line 82.
LaTeX Font Info:    Checking defaults for OMX/cmex/m/n on input line 82.
LaTeX Font Info:    ... okay on input line 82.
LaTeX Font Info:    Checking defaults for U/cmr/m/n on input line 82.
LaTeX Font Info:    ... okay on input line 82.
LaTeX Font Info:    Checking defaults for T3/cmr/m/n on input line 82.
LaTeX Font Info:    Try loading font information for T3+cmr on input line 82.
 (/usr/share/texmf/tex/latex/tipa/t3cmr.fd
File: t3cmr.fd 2001/12/31 TIPA font definitions
)
LaTeX Font Info:    ... okay on input line 82.
LaTeX Font Info:    Checking defaults for PD1/pdf/m/n on input line 82.
LaTeX Font Info:    ... okay on input line 82.

(/usr/share/texlive/texmf-dist/tex/latex/ucs/ucsencs.def
File: ucsencs.def 2011/01/21 Fixes to fontencodings LGR, T3
T3\textscriptg already defined.

fontencoding T3 patched
) (/usr/share/texlive/texmf-dist/tex/context/base/supp-pdf.mkii
[Loading MPS to PDF converter (version 2006.09.02).]
\scratchcounter=\count129
\scratchdimen=\dimen158
\scratchbox=\box37
\nofMPsegments=\count130
\nofMParguments=\count131
\everyMPshowfont=\toks32
\MPscratchCnt=\count132
\MPscratchDim=\dimen159
\MPnumerator=\count133
\makeMPintoPDFobject=\count134
\everyMPtoPDFconversion=\toks33
) (/usr/share/texlive/texmf-dist/tex/latex/oberdiek/epstopdf-base.sty
Package: epstopdf-base 2010/02/09 v2.5 Base part for package epstopdf

(/usr/share/texlive/texmf-dist/tex/latex/oberdiek/grfext.sty
Package: grfext 2010/08/19 v1.1 Manage graphics extensions (HO)
)
Package grfext Info: Graphics extension search list:
(grfext)             [.png,.pdf,.jpg,.mps,.jpeg,.jbig2,.jb2,.PNG,.PDF,.JPG,.JPE
G,.JBIG2,.JB2,.eps]
(grfext)             \AppendGraphicsExtensions on input line 452.

(/usr/share/texlive/texmf-dist/tex/latex/latexconfig/epstopdf-sys.cfg
File: epstopdf-sys.cfg 2010/07/13 v1.3 Configuration of (r)epstopdf for TeX Liv
e
))
LaTeX Info: Redefining \celsius on input line 82.
Package gensymb Info: Faking symbols for \degree and \celsius on input line 82.



Package gensymb Warning: Not defining \perthousand.

LaTeX Info: Redefining \ohm on input line 82.
Package gensymb Info: Using \Omega for \ohm on input line 82.

Package gensymb Warning: Not defining \micro.

Package caption Info: Begin \AtBeginDocument code.
Package caption Info: hyperref package is loaded.
Package caption Info: longtable package is loaded.
(/usr/share/texlive/texmf-dist/tex/latex/caption/ltcaption.sty
Package: ltcaption 2013/06/09 v1.4-94 longtable captions (AR)
)
Package caption Info: End \AtBeginDocument code.
\AtBeginShipoutBox=\box38

(/usr/share/texlive/texmf-dist/tex/latex/graphics/color.sty
Package: color 2016/01/03 v1.1b Standard LaTeX Color (DPC)

(/usr/share/texlive/texmf-dist/tex/latex/latexconfig/color.cfg
File: color.cfg 2007/01/18 v1.5 color configuration of teTeX/TeXLive
)
Package color Info: Driver file: pdftex.def on input line 143.
)
Package hyperref Info: Link coloring ON on input line 82.

(/usr/share/texlive/texmf-dist/tex/latex/hyperref/nameref.sty
Package: nameref 2012/10/27 v2.43 Cross-referencing by name of section

(/usr/share/texlive/texmf-dist/tex/generic/oberdiek/gettitlestring.sty
Package: gettitlestring 2010/12/03 v1.4 Cleanup title references (HO)
)
\c@section@level=\count135
)
LaTeX Info: Redefining \ref on input line 82.
LaTeX Info: Redefining \pageref on input line 82.
LaTeX Info: Redefining \nameref on input line 82.

(./R_N_D_Report.out) (./R_N_D_Report.out)
\@outlinefile=\write4
\openout4 = `R_N_D_Report.out'.

LaTeX Font Info:    Try loading font information for U+msa on input line 84.

(/usr/share/texlive/texmf-dist/tex/latex/amsfonts/umsa.fd
File: umsa.fd 2013/01/14 v3.01 AMS symbols A
)
LaTeX Font Info:    Try loading font information for U+msb on input line 84.

(/usr/share/texlive/texmf-dist/tex/latex/amsfonts/umsb.fd
File: umsb.fd 2013/01/14 v3.01 AMS symbols B
)
<./images/iitb_logo.jpg, id=36, 229.85875pt x 220.825pt>
File: ./images/iitb_logo.jpg Graphic file (type jpg)

<use ./images/iitb_logo.jpg>
Package pdftex.def Info: ./images/iitb_logo.jpg used on input line 84.
(pdftex.def)             Requested size: 103.65994pt x 99.58464pt.
 [1

{/var/lib/texmf/fonts/map/pdftex/updmap/pdftex.map} <./images/iitb_logo.jpg>] (
./R_N_D_Report.toc)
\tf@toc=\write5
\openout5 = `R_N_D_Report.toc'.

 [1

]pdfTeX warning (ext4): destination with the same identifier (name{page.i}) has
 been already used, duplicate ignored
<to be read again> 
                   \relax 
l.93 \end{abstract}
                    [1]
Chapter 1.
(/usr/share/texlive/texmf-dist/tex/latex/ucs/data/uni-32.def
File: uni-32.def 2013/05/13 UCS: Unicode data U+2000..U+20FF
)pdfTeX warning (ext4): destination with the same identifier (name{page.i}) has
 been already used, duplicate ignored
<to be read again> 
                   \relax 
l.108 \chapter
              {Reader Writers Flow Model} [1

]
Chapter 2.

Underfull \hbox (badness 10000) in paragraph at lines 134--137

 []

[2

]
Chapter 3.

Underfull \hbox (badness 10000) in paragraph at lines 138--139

 []

<./images/msg.png, id=73, 602.25pt x 697.60625pt>
File: ./images/msg.png Graphic file (type png)
 <use ./images/msg.png>
Package pdftex.def Info: ./images/msg.png used on input line 146.
(pdftex.def)             Requested size: 426.79134pt x 494.38846pt.

[3

] [4 <./images/msg.png>]
Chapter 4.

Underfull \hbox (badness 10000) in paragraph at lines 151--156

 []

<./images/partial_execution_trace.png, id=86, 454.69875pt x 332.24126pt>
File: ./images/partial_execution_trace.png Graphic file (type png)

<use ./images/partial_execution_trace.png>
Package pdftex.def Info: ./images/partial_execution_trace.png used on input lin
e 166.
(pdftex.def)             Requested size: 426.79134pt x 311.85562pt.
 [5

] [6 <./images/partial_execution_trace.png>]
Chapter 5.

Underfull \hbox (badness 10000) in paragraph at lines 174--176

 []

<./images/sheet-1.png, id=97, 778.91pt x 617.30624pt>
File: ./images/sheet-1.png Graphic file (type png)

<use ./images/sheet-1.png>
Package pdftex.def Info: ./images/sheet-1.png used on input line 181.
(pdftex.def)             Requested size: 426.79134pt x 338.23845pt.

Underfull \hbox (badness 10000) in paragraph at lines 181--182

 []


Overfull \hbox (42.68942pt too wide) in paragraph at lines 177--184
\OT1/cmr/m/n/10.95 num-ber of events ( such as: ADD[]IDLE[]HANDLER, EN-ABLE[]LI
FECTCLE,ENABLE[]WINDOW-
 []

<./images/sheet-2.png, id=98, 693.59125pt x 523.9575pt>
File: ./images/sheet-2.png Graphic file (type png)

<use ./images/sheet-2.png>
Package pdftex.def Info: ./images/sheet-2.png used on input line 188.
(pdftex.def)             Requested size: 426.79134pt x 322.41983pt.

Underfull \hbox (badness 10000) in paragraph at lines 191--193

 []


Underfull \hbox (badness 10000) in paragraph at lines 193--195

 []


LaTeX Warning: Command \textgreater invalid in math mode on input line 197.

LaTeX Font Info:    Try loading font information for OML+cmr on input line 197.

(/usr/share/texlive/texmf-dist/tex/latex/base/omlcmr.fd
File: omlcmr.fd 2014/09/29 v2.5h Standard LaTeX font definitions
)
LaTeX Font Info:    Font shape `OML/cmr/m/n' in size <10.95> not available
(Font)              Font shape `OML/cmm/m/it' tried instead on input line 197.


LaTeX Warning: Command \textgreater invalid in math mode on input line 197.


Overfull \hbox (38.8803pt too wide) detected at line 197
\OML/cmm/m/it/10.95 FORK \OMS/cmsy/m/n/10.95 ^^@ ^^@ ^^@ ^^@ ^^@ ^^@ ^^@ ^^@ ^^
@ ^^@ ^^@ ^^@ ^^@ ^^@ ^^@ ^^@ ^^@ ^^@ ^^@ ^^@ ^^@ ^^@ ^^@ ^^@ ^^@ ^^@ ^^@ ^^@ ^
^@ ^^@ ^^@ ^^@ ^^@ ^^@ ^^@ ^^@ ^^@ ^^@ ^^@ ^^@[]\OML/cmm/m/it/10.95 THREADINIT
 []


Underfull \hbox (badness 10000) in paragraph at lines 197--204

 []

[7

] [8 <./images/sheet-1.png>]

LaTeX Warning: Command \textless invalid in math mode on input line 204.


LaTeX Warning: Command \textless invalid in math mode on input line 204.


Overfull \hbox (140.84352pt too wide) detected at line 204
\OML/cmm/m/it/10.95 WAIT[] \OMS/cmsy/m/n/10.95 ^^@ ^^@ ^^@ ^^@ ^^@ ^^@ ^^@ ^^@ 
^^@ ^^@ ^^@ ^^@ ^^@ ^^@ ^^@ ^^@ ^^@ ^^@ ^^@ ^^@ ^^@ ^^@ ^^@ ^^@ ^^@ ^^@ ^^@ ^^@
 ^^@ ^^@ ^^@ ^^@ ^^@ ^^@ ^^@ ^^@ ^^@ ^^@ ^^@ ^^@ ^^@ ^^@ ^^@ ^^@ ^^@ ^^@ ^^@ ^^
@ ^^@ ^^@ ^^@ ^^@ ^^@ ^^@ ^^@ ^^@\OML/cmm/m/it/10.95 NOTIFY
 []


Underfull \hbox (badness 10000) in paragraph at lines 207--210

 []


LaTeX Warning: Command \textgreater invalid in math mode on input line 213.


LaTeX Warning: Command \textgreater invalid in math mode on input line 213.


Overfull \hbox (501.38249pt too wide) detected at line 213
\OML/cmm/m/it/10.95 POST\OT1/cmr/m/n/10.95 (13) \OMS/cmsy/m/n/10.95 ^^@ ^^@ ^^@
 ^^@ ^^@ ^^@ ^^@ ^^@ ^^@ ^^@ ^^@ ^^@ ^^@ ^^@ ^^@ ^^@ ^^@ ^^@ ^^@ ^^@ ^^@ ^^@ ^^
@ ^^@ ^^@ ^^@ ^^@ ^^@ ^^@ ^^@ ^^@ ^^@ ^^@ ^^@ ^^@ ^^@ ^^@ ^^@ ^^@ ^^@ ^^@ ^^@ ^
^@ ^^@ ^^@ ^^@ ^^@ ^^@ ^^@ ^^@ ^^@ ^^@ ^^@ ^^@ ^^@ ^^@ ^^@ ^^@ ^^@ ^^@ ^^@ ^^@ 
^^@ ^^@ ^^@ ^^@ ^^@ ^^@ ^^@ ^^@ ^^@ ^^@ ^^@ ^^@ ^^@ ^^@ ^^@ ^^@ ^^@ ^^@ ^^@ ^^@
 ^^@ ^^@ ^^@ ^^@ ^^@ ^^@ ^^@ ^^@ ^^@ ^^@ ^^@ ^^@ ^^@ ^^@[]\OML/cmm/m/it/10.95 C
ALL\OT1/cmr/m/n/10.95 (13)
 []


Underfull \hbox (badness 10000) in paragraph at lines 213--215

 []


Underfull \hbox (badness 10000) in paragraph at lines 216--217

 []

[9 <./images/sheet-2.png>]
Underfull \hbox (badness 10000) in paragraph at lines 217--218

 []

[10]
Chapter 6.
<./images/traces.png, id=118, 1367.1075pt x 608.2725pt>
File: ./images/traces.png Graphic file (type png)

<use ./images/traces.png>
Package pdftex.def Info: ./images/traces.png used on input line 224.
(pdftex.def)             Requested size: 426.79134pt x 189.88977pt.

<./images/msg-traces.png, id=119, 1370.11874pt x 627.34375pt>
File: ./images/msg-traces.png Graphic file (type png)

<use ./images/msg-traces.png>
Package pdftex.def Info: ./images/msg-traces.png used on input line 231.
(pdftex.def)             Requested size: 426.79134pt x 195.41264pt.

<./images/merged.png, id=120, 1369.115pt x 604.2575pt>
File: ./images/merged.png Graphic file (type png)

<use ./images/merged.png>
Package pdftex.def Info: ./images/merged.png used on input line 237.
(pdftex.def)             Requested size: 426.79134pt x 188.35977pt.

<./images/output.png, id=121, 1365.1pt x 635.37375pt>
File: ./images/output.png Graphic file (type png)

<use ./images/output.png>
Package pdftex.def Info: ./images/output.png used on input line 243.
(pdftex.def)             Requested size: 426.79134pt x 198.64105pt.

Underfull \hbox (badness 10000) in paragraph at lines 228--247

 []


Underfull \hbox (badness 10000) in paragraph at lines 247--248

 []

[11

] [12 <./images/traces.png> <./images/msg-traces.png> <./images/merged.png>] [1
3 <./images/output.png>]
Chapter 7.
LaTeX Font Info:    Try loading font information for OMS+cmr on input line 253.

(/usr/share/texlive/texmf-dist/tex/latex/base/omscmr.fd
File: omscmr.fd 2014/09/29 v2.5h Standard LaTeX font definitions
)
LaTeX Font Info:    Font shape `OMS/cmr/m/n' in size <10.95> not available
(Font)              Font shape `OMS/cmsy/m/n' tried instead on input line 253.
Package atveryend Info: Empty hook `BeforeClearDocument' on input line 260.
 [14

]
Package atveryend Info: Empty hook `AfterLastShipout' on input line 260.

(./R_N_D_Report.aux)
Package atveryend Info: Executing hook `AtVeryEndDocument' on input line 260.
Package atveryend Info: Executing hook `AtEndAfterFileList' on input line 260.


Package rerunfilecheck Warning: File `R_N_D_Report.out' has changed.
(rerunfilecheck)                Rerun to get outlines right
(rerunfilecheck)                or use package `bookmark'.

Package rerunfilecheck Info: Checksums for `R_N_D_Report.out':
(rerunfilecheck)             Before: E08CB74DC727805B08F7C388CE9D4AF0;447
(rerunfilecheck)             After:  887D7197B740C6BCFDC9E69C765EE2AC;516.
Package atveryend Info: Empty hook `AtVeryVeryEnd' on input line 260.
 ) 
Here is how much of TeX's memory you used:
 10176 strings out of 494910
 150513 string characters out of 6179836
 240665 words of memory out of 5000000
 13269 multiletter control sequences out of 15000+600000
 14222 words of font info for 52 fonts, out of 8000000 for 9000
 36 hyphenation exceptions out of 8191
 36i,12n,43p,331b,411s stack positions out of 5000i,500n,10000p,200000b,80000s
</usr/share/texlive/texmf-dist/fonts/type1/public/amsfonts/cm/cmbx10.pfb></us
r/share/texlive/texmf-dist/fonts/type1/public/amsfonts/cm/cmbx12.pfb></usr/shar
e/texlive/texmf-dist/fonts/type1/public/amsfonts/cm/cmmi10.pfb></usr/share/texl
ive/texmf-dist/fonts/type1/public/amsfonts/cm/cmr10.pfb></usr/share/texlive/tex
mf-dist/fonts/type1/public/amsfonts/cm/cmr12.pfb></usr/share/texlive/texmf-dist
/fonts/type1/public/amsfonts/cm/cmr8.pfb></usr/share/texlive/texmf-dist/fonts/t
ype1/public/amsfonts/cm/cmsl10.pfb></usr/share/texlive/texmf-dist/fonts/type1/p
ublic/amsfonts/cm/cmsy10.pfb></usr/share/texlive/texmf-dist/fonts/type1/public/
amsfonts/cm/cmti12.pfb>
Output written on R_N_D_Report.pdf (17 pages, 640355 bytes).
PDF statistics:
 182 PDF objects out of 1000 (max. 8388607)
 142 compressed objects within 2 object streams
 34 named destinations out of 1000 (max. 500000)
 110 words of extra memory for PDF output out of 10000 (max. 10000000)

